<?xml version="1.0" encoding="UTF-8"?>
<testng-results skipped="0" failed="0" ignored="0" total="1" passed="1">
  <reporter-output>
  </reporter-output>
  <suite name="All Test Suite" duration-ms="8748" started-at="2019-08-28T16:50:42Z" finished-at="2019-08-28T16:50:51Z">
    <groups>
    </groups>
    <test name="checkboxTests" duration-ms="8748" started-at="2019-08-28T16:50:42Z" finished-at="2019-08-28T16:50:51Z">
      <class name="com.adam.theinternet.checkBoxTests">
        <test-method status="PASS" signature="setUp(java.lang.String)[pri:0, instance:com.adam.theinternet.checkBoxTests@28d25987]" name="setUp" is-config="true" duration-ms="3210" started-at="2019-08-28T16:50:42Z" finished-at="2019-08-28T16:50:45Z">
          <params>
            <param index="0">
              <value>
                <![CDATA[firefox]]>
              </value>
            </param>
          </params>
          <reporter-output>
          </reporter-output>
        </test-method> <!-- setUp -->
        <test-method status="PASS" signature="testCheckBoxes()[pri:0, instance:com.adam.theinternet.checkBoxTests@28d25987]" name="testCheckBoxes" duration-ms="4839" started-at="2019-08-28T16:50:45Z" finished-at="2019-08-28T16:50:50Z">
          <reporter-output>
          </reporter-output>
        </test-method> <!-- testCheckBoxes -->
        <test-method status="PASS" signature="tearDown()[pri:0, instance:com.adam.theinternet.checkBoxTests@28d25987]" name="tearDown" is-config="true" duration-ms="677" started-at="2019-08-28T16:50:50Z" finished-at="2019-08-28T16:50:51Z">
          <reporter-output>
          </reporter-output>
        </test-method> <!-- tearDown -->
      </class> <!-- com.adam.theinternet.checkBoxTests -->
    </test> <!-- checkboxTests -->
  </suite> <!-- All Test Suite -->
</testng-results>
