<?xml version="1.0" encoding="UTF-8"?>
<testng-results skipped="0" failed="0" ignored="0" total="2" passed="2">
  <reporter-output>
  </reporter-output>
  <suite name="Default suite" duration-ms="12293" started-at="2019-08-29T07:42:34Z" finished-at="2019-08-29T07:42:46Z">
    <groups>
    </groups>
    <test name="Default test" duration-ms="12293" started-at="2019-08-29T07:42:34Z" finished-at="2019-08-29T07:42:46Z">
      <class name="com.adam.theinternet.alertTests">
        <test-method status="PASS" signature="setUp(java.lang.String)[pri:0, instance:com.adam.theinternet.alertTests@4c70fda8]" name="setUp" is-config="true" duration-ms="1794" started-at="2019-08-29T07:42:34Z" finished-at="2019-08-29T07:42:36Z">
          <params>
            <param index="0">
              <value>
                <![CDATA[chrome]]>
              </value>
            </param>
          </params>
          <reporter-output>
          </reporter-output>
        </test-method> <!-- setUp -->
        <test-method status="PASS" signature="clickAlerts()[pri:0, instance:com.adam.theinternet.alertTests@4c70fda8]" name="clickAlerts" duration-ms="5065" started-at="2019-08-29T07:42:36Z" finished-at="2019-08-29T07:42:41Z">
          <reporter-output>
          </reporter-output>
        </test-method> <!-- clickAlerts -->
        <test-method status="PASS" signature="tearDown()[pri:0, instance:com.adam.theinternet.alertTests@4c70fda8]" name="tearDown" is-config="true" duration-ms="102" started-at="2019-08-29T07:42:41Z" finished-at="2019-08-29T07:42:41Z">
          <reporter-output>
          </reporter-output>
        </test-method> <!-- tearDown -->
        <test-method status="PASS" signature="setUp(java.lang.String)[pri:0, instance:com.adam.theinternet.alertTests@4c70fda8]" name="setUp" is-config="true" duration-ms="1517" started-at="2019-08-29T07:42:41Z" finished-at="2019-08-29T07:42:43Z">
          <params>
            <param index="0">
              <value>
                <![CDATA[chrome]]>
              </value>
            </param>
          </params>
          <reporter-output>
          </reporter-output>
        </test-method> <!-- setUp -->
        <test-method status="PASS" signature="dismissAlert()[pri:0, instance:com.adam.theinternet.alertTests@4c70fda8]" name="dismissAlert" duration-ms="3698" started-at="2019-08-29T07:42:43Z" finished-at="2019-08-29T07:42:46Z">
          <reporter-output>
          </reporter-output>
        </test-method> <!-- dismissAlert -->
        <test-method status="PASS" signature="tearDown()[pri:0, instance:com.adam.theinternet.alertTests@4c70fda8]" name="tearDown" is-config="true" duration-ms="96" started-at="2019-08-29T07:42:46Z" finished-at="2019-08-29T07:42:46Z">
          <reporter-output>
          </reporter-output>
        </test-method> <!-- tearDown -->
      </class> <!-- com.adam.theinternet.alertTests -->
    </test> <!-- Default test -->
  </suite> <!-- Default suite -->
</testng-results>
